2025-05-30 22:24:04 [ERROR]: 404 - Not Found - /api/v1/auth/csrf-token%0A - /api/v1/auth/csrf-token%0A - GET - ::1 - Stack: Error: Not Found - /api/v1/auth/csrf-token%0A
    at notFoundHandler (C:\Users\Ahmed Abaad\Desktop\fleetflow-Api\src\middlewares\errorHandler.js:88:17)
    at Layer.handleRequest (C:\Users\Ahmed Abaad\Desktop\fleetflow-Api\node_modules\router\lib\layer.js:152:17)
    at trimPrefix (C:\Users\Ahmed Abaad\Desktop\fleetflow-Api\node_modules\router\index.js:342:13)
    at C:\Users\Ahmed Abaad\Desktop\fleetflow-Api\node_modules\router\index.js:297:9
    at processParams (C:\Users\Ahmed Abaad\Desktop\fleetflow-Api\node_modules\router\index.js:582:12)
    at next (C:\Users\Ahmed Abaad\Desktop\fleetflow-Api\node_modules\router\index.js:291:5)
    at C:\Users\Ahmed Abaad\Desktop\fleetflow-Api\node_modules\router\index.js:688:15
    at next (C:\Users\Ahmed Abaad\Desktop\fleetflow-Api\node_modules\router\index.js:276:14)
    at Function.handle (C:\Users\Ahmed Abaad\Desktop\fleetflow-Api\node_modules\router\index.js:186:3)
    at router (C:\Users\Ahmed Abaad\Desktop\fleetflow-Api\node_modules\router\index.js:60:12)
2025-05-30 22:28:20 [ERROR]: 404 - Not Found - /api/v1/auth/csrf-token%0A - /api/v1/auth/csrf-token%0A - GET - ::1 - Stack: Error: Not Found - /api/v1/auth/csrf-token%0A
    at notFoundHandler (C:\Users\Ahmed Abaad\Desktop\fleetflow-Api\src\middlewares\errorHandler.js:88:17)
    at Layer.handleRequest (C:\Users\Ahmed Abaad\Desktop\fleetflow-Api\node_modules\router\lib\layer.js:152:17)
    at trimPrefix (C:\Users\Ahmed Abaad\Desktop\fleetflow-Api\node_modules\router\index.js:342:13)
    at C:\Users\Ahmed Abaad\Desktop\fleetflow-Api\node_modules\router\index.js:297:9
    at processParams (C:\Users\Ahmed Abaad\Desktop\fleetflow-Api\node_modules\router\index.js:582:12)
    at next (C:\Users\Ahmed Abaad\Desktop\fleetflow-Api\node_modules\router\index.js:291:5)
    at C:\Users\Ahmed Abaad\Desktop\fleetflow-Api\node_modules\router\index.js:688:15
    at next (C:\Users\Ahmed Abaad\Desktop\fleetflow-Api\node_modules\router\index.js:276:14)
    at Function.handle (C:\Users\Ahmed Abaad\Desktop\fleetflow-Api\node_modules\router\index.js:186:3)
    at router (C:\Users\Ahmed Abaad\Desktop\fleetflow-Api\node_modules\router\index.js:60:12)
2025-05-30 22:29:09 [ERROR]: 404 - Not Found - /api/v1/auth/csrf-token%0A - /api/v1/auth/csrf-token%0A - GET - ::1 - Stack: Error: Not Found - /api/v1/auth/csrf-token%0A
    at notFoundHandler (C:\Users\Ahmed Abaad\Desktop\fleetflow-Api\src\middlewares\errorHandler.js:88:17)
    at Layer.handleRequest (C:\Users\Ahmed Abaad\Desktop\fleetflow-Api\node_modules\router\lib\layer.js:152:17)
    at trimPrefix (C:\Users\Ahmed Abaad\Desktop\fleetflow-Api\node_modules\router\index.js:342:13)
    at C:\Users\Ahmed Abaad\Desktop\fleetflow-Api\node_modules\router\index.js:297:9
    at processParams (C:\Users\Ahmed Abaad\Desktop\fleetflow-Api\node_modules\router\index.js:582:12)
    at next (C:\Users\Ahmed Abaad\Desktop\fleetflow-Api\node_modules\router\index.js:291:5)
    at C:\Users\Ahmed Abaad\Desktop\fleetflow-Api\node_modules\router\index.js:688:15
    at next (C:\Users\Ahmed Abaad\Desktop\fleetflow-Api\node_modules\router\index.js:276:14)
    at Function.handle (C:\Users\Ahmed Abaad\Desktop\fleetflow-Api\node_modules\router\index.js:186:3)
    at router (C:\Users\Ahmed Abaad\Desktop\fleetflow-Api\node_modules\router\index.js:60:12)
2025-05-30 22:29:32 [ERROR]: 404 - Not Found - /api/v1/auth/csrf-token%0A - /api/v1/auth/csrf-token%0A - GET - ::1 - Stack: Error: Not Found - /api/v1/auth/csrf-token%0A
    at notFoundHandler (C:\Users\Ahmed Abaad\Desktop\fleetflow-Api\src\middlewares\errorHandler.js:88:17)
    at Layer.handleRequest (C:\Users\Ahmed Abaad\Desktop\fleetflow-Api\node_modules\router\lib\layer.js:152:17)
    at trimPrefix (C:\Users\Ahmed Abaad\Desktop\fleetflow-Api\node_modules\router\index.js:342:13)
    at C:\Users\Ahmed Abaad\Desktop\fleetflow-Api\node_modules\router\index.js:297:9
    at processParams (C:\Users\Ahmed Abaad\Desktop\fleetflow-Api\node_modules\router\index.js:582:12)
    at next (C:\Users\Ahmed Abaad\Desktop\fleetflow-Api\node_modules\router\index.js:291:5)
    at C:\Users\Ahmed Abaad\Desktop\fleetflow-Api\node_modules\router\index.js:688:15
    at next (C:\Users\Ahmed Abaad\Desktop\fleetflow-Api\node_modules\router\index.js:276:14)
    at Function.handle (C:\Users\Ahmed Abaad\Desktop\fleetflow-Api\node_modules\router\index.js:186:3)
    at router (C:\Users\Ahmed Abaad\Desktop\fleetflow-Api\node_modules\router\index.js:60:12)
